<?xml version="1.0" encoding="UTF-8"?>
<testng-results ignored="0" total="1" passed="1" failed="0" skipped="0">
  <reporter-output>
  </reporter-output>
  <suite started-at="2023-08-27T11:40:48 IST" name="SeparateTestSuites" finished-at="2023-08-27T11:41:12 IST" duration-ms="23476">
    <groups>
    </groups>
    <test started-at="2023-08-27T11:40:48 IST" name="DropdownTests" finished-at="2023-08-27T11:41:12 IST" duration-ms="23476">
      <class name="com.herokuapp.theinternet.dropdowntests.DropdownTest">
        <test-method is-config="true" signature="setUp(java.lang.String,org.testng.ITestContext)[pri:0, instance:com.herokuapp.theinternet.dropdowntests.DropdownTest@3349e9bb]" started-at="2023-08-27T11:40:48 IST" name="setUp" finished-at="2023-08-27T11:40:57 IST" duration-ms="8489" status="PASS">
          <params>
            <param index="0">
              <value>
                <![CDATA[chrome]]>
              </value>
            </param>
            <param index="1">
              <value>
                <![CDATA[org.testng.TestRunner@12e0f1cb]]>
              </value>
            </param>
          </params>
          <reporter-output>
          </reporter-output>
        </test-method> <!-- setUp -->
        <test-method signature="optionTwoTest()[pri:0, instance:com.herokuapp.theinternet.dropdowntests.DropdownTest@3349e9bb]" started-at="2023-08-27T11:40:57 IST" name="optionTwoTest" finished-at="2023-08-27T11:41:08 IST" duration-ms="11459" status="PASS">
          <reporter-output>
          </reporter-output>
        </test-method> <!-- optionTwoTest -->
        <test-method is-config="true" signature="tearDown()[pri:0, instance:com.herokuapp.theinternet.dropdowntests.DropdownTest@3349e9bb]" started-at="2023-08-27T11:41:08 IST" name="tearDown" finished-at="2023-08-27T11:41:12 IST" duration-ms="3443" status="PASS">
          <reporter-output>
          </reporter-output>
        </test-method> <!-- tearDown -->
      </class> <!-- com.herokuapp.theinternet.dropdowntests.DropdownTest -->
    </test> <!-- DropdownTests -->
  </suite> <!-- SeparateTestSuites -->
</testng-results>
